\BOOKMARK [1][-]{section.1}{\376\377\000I\000n\000t\000r\000o\000d\000u\000c\000t\000i\000o\000n}{}% 1
\BOOKMARK [1][-]{section.2}{\376\377\000T\000h\000e\000\040\000Q\000/\000R\000/\000M\000/\000C\000\040\000d\000e\000c\000o\000m\000p\000o\000s\000i\000t\000i\000o\000n}{}% 2
\BOOKMARK [2][-]{subsection.2.1}{\376\377\000P\000r\000o\000b\000l\000e\000m\000\040\000f\000o\000r\000m\000u\000l\000a\000t\000i\000o\000n\000\040\000a\000n\000d\000\040\000n\000o\000t\000a\000t\000i\000o\000n}{section.2}% 3
\BOOKMARK [2][-]{subsection.2.2}{\376\377\000S\000i\000n\000g\000l\000e\000-\000a\000g\000e\000n\000t\000\040\000f\000a\000c\000t\000o\000r\000i\000z\000a\000t\000i\000o\000n}{section.2}% 4
\BOOKMARK [1][-]{section.3}{\376\377\000S\000i\000n\000g\000l\000e\000\040\000a\000g\000e\000n\000t\000:\000\040\000s\000t\000a\000g\000e\000\040\000d\000i\000a\000g\000n\000o\000s\000t\000i\000c\000s\000\040\000l\000o\000c\000a\000l\000i\000z\000e\000\040\000f\000a\000i\000l\000u\000r\000e}{}% 5
\BOOKMARK [2][-]{subsection.3.1}{\376\377\000S\000y\000s\000t\000e\000m\000,\000\040\000t\000a\000s\000k\000s\000,\000\040\000a\000n\000d\000\040\000p\000r\000o\000t\000o\000c\000o\000l}{section.3}% 6
\BOOKMARK [2][-]{subsection.3.2}{\376\377\000S\000t\000a\000g\000e\000-\000e\000s\000t\000i\000m\000a\000t\000o\000r\000\040\000v\000a\000l\000i\000d\000a\000t\000i\000o\000n}{section.3}% 7
\BOOKMARK [2][-]{subsection.3.3}{\376\377\000S\000u\000c\000c\000e\000s\000s\000-\000o\000n\000l\000y\000\040\000s\000u\000m\000m\000a\000r\000y\000\040\000a\000n\000d\000\040\000w\000h\000a\000t\000\040\000i\000t\000\040\000h\000i\000d\000e\000s}{section.3}% 8
\BOOKMARK [2][-]{subsection.3.4}{\376\377\000O\000r\000a\000c\000l\000e\000-\000s\000t\000a\000g\000e\000\040\000i\000n\000t\000e\000r\000v\000e\000n\000t\000i\000o\000n\000s\000\040\000l\000o\000c\000a\000l\000i\000z\000e\000\040\000t\000h\000e\000\040\000b\000o\000t\000t\000l\000e\000n\000e\000c\000k}{section.3}% 9
\BOOKMARK [2][-]{subsection.3.5}{\376\377\000T\000h\000e\000\040\000l\000o\000g\000s\000\040\000r\000e\000f\000i\000n\000e\000\040\000t\000h\000e\000\040\000d\000i\000a\000g\000n\000o\000s\000i\000s\000:\000\040\000a\000\040\000m\000e\000m\000o\000r\000y\000-\000a\000c\000c\000u\000m\000u\000l\000a\000t\000i\000o\000n\000\040\000l\000i\000m\000i\000t}{section.3}% 10
\BOOKMARK [1][-]{section.4}{\376\377\000M\000u\000l\000t\000i\000-\000a\000g\000e\000n\000t\000:\000\040\000m\000e\000m\000o\000r\000y\000\040\000a\000s\000\040\000a\000\040\000s\000h\000a\000r\000e\000d\000\040\000r\000e\000s\000o\000u\000r\000c\000e}{}% 11
\BOOKMARK [2][-]{subsection.4.1}{\376\377\000F\000o\000u\000r\000\040\000m\000e\000m\000o\000r\000y\000\040\000a\000r\000c\000h\000i\000t\000e\000c\000t\000u\000r\000e\000s\000\040\000a\000n\000d\000\040\000t\000h\000e\000\040\000c\000a\000d\000e\000n\000c\000e\000\040\000a\000x\000i\000s}{section.4}% 12
\BOOKMARK [2][-]{subsection.4.2}{\376\377\000M\000u\000l\000t\000i\000-\000a\000g\000e\000n\000t\000\040\000f\000a\000c\000t\000o\000r\000i\000z\000a\000t\000i\000o\000n}{section.4}% 13
\BOOKMARK [2][-]{subsection.4.3}{\376\377\000B\000o\000t\000t\000l\000e\000n\000e\000c\000k\000\040\000s\000h\000i\000f\000t}{section.4}% 14
\BOOKMARK [2][-]{subsection.4.4}{\376\377\000S\000w\000e\000e\000p\000\040\000p\000r\000o\000t\000o\000c\000o\000l}{section.4}% 15
\BOOKMARK [2][-]{subsection.4.5}{\376\377\000R\000e\000s\000u\000l\000t\000s\000:\000\040\000s\000t\000a\000g\000e\000\040\000d\000e\000c\000o\000m\000p\000o\000s\000i\000t\000i\000o\000n\000\040\000a\000n\000d\000\040\000b\000o\000t\000t\000l\000e\000n\000e\000c\000k\000\040\000s\000h\000i\000f\000t}{section.4}% 16
\BOOKMARK [3][-]{subsubsection.4.5.1}{\376\377\000C\000o\000n\000d\000i\000t\000i\000o\000n\000a\000l\000\040\000d\000e\000c\000o\000m\000p\000o\000s\000i\000t\000i\000o\000n\000\040\000r\000e\000v\000e\000a\000l\000s\000\040\000w\000h\000e\000r\000e\000\040\000e\000a\000c\000h\000\040\000a\000r\000c\000h\000i\000t\000e\000c\000t\000u\000r\000e\000\040\000f\000a\000i\000l\000s\000.}{subsection.4.5}% 17
\BOOKMARK [3][-]{subsubsection.4.5.2}{\376\377\000B\000o\000t\000t\000l\000e\000n\000e\000c\000k\000\040\000s\000h\000i\000f\000t\000\040\000a\000n\000d\000\040\000i\000n\000t\000e\000r\000i\000o\000r\000\040\000e\000f\000f\000i\000c\000i\000e\000n\000c\000y\000\040\000o\000p\000t\000i\000m\000u\000m\000.}{subsection.4.5}% 18
\BOOKMARK [1][-]{section.5}{\376\377\000S\000y\000n\000t\000h\000e\000s\000i\000s\000:\000\040\000t\000o\000w\000a\000r\000d\000\040\000c\000o\000l\000l\000e\000c\000t\000i\000v\000e\000\040\000s\000e\000m\000a\000n\000t\000i\000c\000\040\000m\000e\000m\000o\000r\000y}{}% 19
\BOOKMARK [1][-]{section.6}{\376\377\000L\000i\000m\000i\000t\000a\000t\000i\000o\000n\000s\000\040\000a\000n\000d\000\040\000f\000u\000t\000u\000r\000e\000\040\000w\000o\000r\000k}{}% 20
\BOOKMARK [1][-]{section.7}{\376\377\000B\000r\000o\000a\000d\000e\000r\000\040\000i\000m\000p\000a\000c\000t\000s}{}% 21
\BOOKMARK [1][-]{section.8}{\376\377\000C\000o\000n\000c\000l\000u\000s\000i\000o\000n}{}% 22
\BOOKMARK [1][-]{appendix.A}{\376\377\000F\000o\000r\000m\000a\000l\000\040\000p\000r\000o\000o\000f\000s}{}% 23
\BOOKMARK [2][-]{subsection.A.1}{\376\377\000P\000r\000o\000o\000f\000\040\000o\000f\000\040\000P\000r\000o\000p\000o\000s\000i\000t\000i\000o\000n\000\040\0001}{appendix.A}% 24
\BOOKMARK [2][-]{subsection.A.2}{\376\377\000P\000r\000o\000o\000f\000\040\000o\000f\000\040\000P\000r\000o\000p\000o\000s\000i\000t\000i\000o\000n\000\040\0002}{appendix.A}% 25
\BOOKMARK [2][-]{subsection.A.3}{\376\377\000J\000u\000s\000t\000i\000f\000i\000c\000a\000t\000i\000o\000n\000\040\000o\000f\000\040\000P\000r\000o\000p\000o\000s\000i\000t\000i\000o\000n\000\040\0003}{appendix.A}% 26
\BOOKMARK [1][-]{appendix.B}{\376\377\000O\000p\000e\000r\000a\000t\000i\000o\000n\000a\000l\000\040\000v\000s\000.\000\040\000n\000e\000s\000t\000e\000d\000\040\000s\000t\000a\000g\000e\000\040\000e\000s\000t\000i\000m\000a\000t\000o\000r\000s}{}% 27
\BOOKMARK [2][-]{subsection.B.1}{\376\377\000M\000u\000l\000t\000i\000-\000a\000g\000e\000n\000t\000\040\000o\000p\000e\000r\000a\000t\000i\000o\000n\000a\000l\000\040\000d\000e\000f\000i\000n\000i\000t\000i\000o\000n\000s}{appendix.B}% 28
\BOOKMARK [1][-]{appendix.C}{\376\377\000M\000e\000m\000o\000r\000y\000\040\000a\000n\000d\000\040\000t\000a\000s\000k\000\040\000s\000c\000h\000e\000m\000a}{}% 29
\BOOKMARK [2][-]{subsection.C.1}{\376\377\000F\000u\000l\000l\000\040\000n\000o\000t\000a\000t\000i\000o\000n\000\040\000t\000a\000b\000l\000e}{appendix.C}% 30
\BOOKMARK [2][-]{subsection.C.2}{\376\377\000M\000e\000m\000o\000r\000y\000\040\000s\000t\000a\000c\000k\000\040\000a\000n\000d\000\040\000t\000a\000s\000k\000\040\000p\000a\000t\000t\000e\000r\000n\000s}{appendix.C}% 31
\BOOKMARK [2][-]{subsection.C.3}{\376\377\000O\000r\000a\000c\000l\000e\000-\000s\000t\000a\000g\000e\000\040\000i\000n\000t\000e\000r\000v\000e\000n\000t\000i\000o\000n\000\040\000w\000a\000t\000e\000r\000f\000a\000l\000l}{appendix.C}% 32
\BOOKMARK [2][-]{subsection.C.4}{\376\377\000P\000e\000r\000-\000t\000a\000s\000k\000\040\000o\000p\000e\000r\000a\000t\000i\000o\000n\000a\000l\000\040\000r\000a\000t\000e\000s\000\040\000w\000i\000t\000h\000\040\0009\0005\000\045\000\040\000C\000I\000s}{appendix.C}% 33
\BOOKMARK [1][-]{appendix.D}{\376\377\000P\000o\000r\000t\000a\000b\000i\000l\000i\000t\000y\000\040\000a\000n\000d\000\040\000s\000c\000a\000l\000e\000-\000u\000p}{}% 34
\BOOKMARK [2][-]{subsection.D.1}{\376\377\000B\000a\000b\000y\000A\000I\000\040\000p\000o\000r\000t\000a\000b\000i\000l\000i\000t\000y\000\040\000t\000r\000a\000n\000s\000f\000e\000r}{appendix.D}% 35
\BOOKMARK [2][-]{subsection.D.2}{\376\377\000M\000u\000l\000t\000i\000-\000a\000g\000e\000n\000t\000\040\000s\000c\000a\000l\000e\000-\000u\000p\000\040\000a\000t\000\040\000N\000=\0001\0002}{appendix.D}% 36
\BOOKMARK [1][-]{appendix.E}{\376\377\000E\000x\000t\000e\000n\000d\000e\000d\000\040\000d\000i\000a\000g\000n\000o\000s\000t\000i\000c\000s}{}% 37
\BOOKMARK [2][-]{subsection.E.1}{\376\377\000C\000o\000n\000d\000i\000t\000i\000o\000n\000a\000l\000-\000p\000r\000o\000d\000u\000c\000t\000\040\000d\000e\000t\000a\000i\000l\000\040\000a\000n\000d\000\040\000t\000h\000e\000\040\000J\000e\000n\000s\000e\000n\000\040\000g\000a\000p}{appendix.E}% 38
\BOOKMARK [2][-]{subsection.E.2}{\376\377\000O\000p\000e\000n\000\040\000p\000r\000o\000b\000l\000e\000m\000s\000\040\000f\000o\000r\000\040\000t\000h\000e\000\040\000c\000o\000l\000l\000e\000c\000t\000i\000v\000e\000-\000s\000e\000m\000a\000n\000t\000i\000c\000-\000m\000e\000m\000o\000r\000y\000\040\000p\000r\000o\000g\000r\000a\000m}{appendix.E}% 39
\BOOKMARK [2][-]{subsection.E.3}{\376\377\000E\000x\000t\000e\000n\000d\000e\000d\000\040\000r\000e\000l\000a\000t\000e\000d\000\040\000w\000o\000r\000k}{appendix.E}% 40
\BOOKMARK [2][-]{subsection.E.4}{\376\377\000M\000u\000l\000t\000i\000-\000a\000g\000e\000n\000t\000\040\000o\000r\000a\000c\000l\000e\000-\000i\000n\000t\000e\000r\000v\000e\000n\000t\000i\000o\000n\000\040\000n\000u\000m\000e\000r\000i\000c\000s}{appendix.E}% 41
\BOOKMARK [2][-]{subsection.E.5}{\376\377\000S\000t\000a\000g\000e\000-\000a\000g\000n\000o\000s\000t\000i\000c\000\040\000c\000a\000d\000e\000n\000c\000e\000\040\000h\000y\000p\000o\000t\000h\000e\000s\000e\000s\000\040\000a\000n\000d\000\040\000w\000h\000a\000t\000\040\000t\000h\000e\000\040\000f\000r\000a\000m\000e\000w\000o\000r\000k\000\040\000c\000h\000a\000n\000g\000e\000s}{appendix.E}% 42
\BOOKMARK [1][-]{appendix.F}{\376\377\000A\000s\000s\000i\000s\000t\000\040\000o\000n\000/\000o\000f\000f\000\040\000a\000n\000a\000l\000y\000s\000i\000s}{}% 43
\BOOKMARK [1][-]{appendix.G}{\376\377\000R\000e\000t\000r\000a\000i\000n\000e\000d\000\040\000r\000e\000t\000r\000i\000e\000v\000e\000r\000\040\000a\000n\000d\000\040\000C\000o\000m\000m\000N\000e\000t\000\040\000b\000a\000s\000e\000l\000i\000n\000e}{}% 44
\BOOKMARK [2][-]{subsection.G.1}{\376\377\000R\000e\000t\000r\000a\000i\000n\000e\000d\000\040\000c\000a\000n\000d\000i\000d\000a\000t\000e\000-\000g\000e\000n\000e\000r\000a\000t\000i\000o\000n\000\040\000M\000L\000P\000\040\000\050\000\247\0003\000.\0005\000\051}{appendix.G}% 45
\BOOKMARK [2][-]{subsection.G.2}{\376\377\000C\000o\000m\000m\000N\000e\000t\000-\000s\000t\000y\000l\000e\000\040\000l\000e\000a\000r\000n\000e\000d\000\040\000c\000o\000m\000m\000u\000n\000i\000c\000a\000t\000i\000o\000n\000\040\000b\000a\000s\000e\000l\000i\000n\000e\000\040\000\050\000\247\0004\000.\0005\000\051}{appendix.G}% 46
\BOOKMARK [1][-]{appendix.H}{\376\377\000R\000e\000p\000r\000o\000d\000u\000c\000i\000b\000i\000l\000i\000t\000y\000\040\000c\000o\000m\000m\000a\000n\000d\000s}{}% 47
\BOOKMARK [1][-]{appendix.I}{\376\377\000A\000s\000s\000e\000t\000\040\000a\000n\000d\000\040\000l\000i\000c\000e\000n\000s\000e\000\040\000n\000o\000t\000e}{}% 48
